{"name": "test_keyword_execution", "status": "failed", "statusDetails": {"message": "Failed: Step failed: keyword=click_search_button, args=[]\nException: KeywordActions.click_search_button() missing 1 required positional argument: 'self'", "trace": "actions = <test_web.keywords.actions.KeywordActions object at 0x0000023456AA0220>\nsteps = [{'args': ['https://magento.softwaretestingboard.com/'], 'keyword': 'open_url'}, {'args': ['kckarthik9@gmail.com', 'Te...sults for'], 'keyword': 'assert_search_results_contains'}, {'args': [], 'keyword': 'select_adrienne_trek_jacket'}, ...]\n\n    def run_steps(actions, steps):\n        for step in steps:\n            keyword = step.get(\"keyword\")\n            args = step.get(\"args\", [])\n            print(f\"\\n=== Executing keyword: {keyword} with args: {args} ===\")\n            if not hasattr(actions, keyword):\n                pytest.fail(f\"Keyword '{keyword}' not implemented in KeywordActions.\")\n            method = getattr(actions, keyword)\n            try:\n>               method(*args)\nE               TypeError: KeywordActions.click_search_button() missing 1 required positional argument: 'self'\n\ntest_web\\test_runner.py:19: TypeError\n\nDuring handling of the above exception, another exception occurred:\n\npage = <Page url='https://magento.softwaretestingboard.com/'>\n\n    def test_keyword_execution(page: Page):\n        test_files = [\n            \"test_web/data/login_search_checkout.yml\"\n        ]\n        actions = KeywordActions(page)\n        for test_file in test_files:\n            steps = load_test_steps(test_file)\n>           run_steps(actions, steps)\n\ntest_web\\test_runner.py:31: \n_ _ _ _ _ _ _ _ _ _ _ _ _ _ _ _ _ _ _ _ _ _ _ _ _ _ _ _ _ _ _ _ _ _ _ _ _ _ _ _ _ _ _ _ _ _ _ _ _ _ _ _ _ _ _ _ _ _ _ _ _ _ _ _ _ _ _ _ _ _ _ _ _ _ _ _ _ _ _ _ _ _ _ _ _ _ _ _ _ _ _ _ _ \n\nactions = <test_web.keywords.actions.KeywordActions object at 0x0000023456AA0220>\nsteps = [{'args': ['https://magento.softwaretestingboard.com/'], 'keyword': 'open_url'}, {'args': ['kckarthik9@gmail.com', 'Te...sults for'], 'keyword': 'assert_search_results_contains'}, {'args': [], 'keyword': 'select_adrienne_trek_jacket'}, ...]\n\n    def run_steps(actions, steps):\n        for step in steps:\n            keyword = step.get(\"keyword\")\n            args = step.get(\"args\", [])\n            print(f\"\\n=== Executing keyword: {keyword} with args: {args} ===\")\n            if not hasattr(actions, keyword):\n                pytest.fail(f\"Keyword '{keyword}' not implemented in KeywordActions.\")\n            method = getattr(actions, keyword)\n            try:\n                method(*args)\n            except Exception as e:\n>               pytest.fail(f\"Step failed: keyword={keyword}, args={args}\\nException: {e}\")\nE               Failed: Step failed: keyword=click_search_button, args=[]\nE               Exception: KeywordActions.click_search_button() missing 1 required positional argument: 'self'\n\ntest_web\\test_runner.py:21: Failed"}, "steps": [{"name": "Test: test_keyword_execution | Run by: karthik.chillara | Started: 2025-08-11 21:09:16", "status": "passed", "steps": [{"name": "open_url", "status": "passed", "start": 1754926756427, "stop": 1754926762865}, {"name": "login_as(Testdemo1)", "status": "passed", "start": 1754926762867, "stop": 1754926771902}, {"name": "input_search_keyword", "status": "passed", "start": 1754926771903, "stop": 1754926771963}], "start": 1754926756413, "stop": 1754926771965}], "attachments": [{"name": "stdout", "source": "ace97737-8d88-4b0d-b874-c72cf8b5656e-attachment.txt", "type": "text/plain"}], "start": 1754926756413, "stop": 1754926771965, "uuid": "85cde1e2-ae5d-4be6-8c07-979b000a560b", "historyId": "90cea4070fa81fc0da7847296337e1a2", "testCaseId": "90cea4070fa81fc0da7847296337e1a2", "fullName": "test_web.test_runner#test_keyword_execution", "labels": [{"name": "parentSuite", "value": "test_web"}, {"name": "suite", "value": "test_runner"}, {"name": "host", "value": "CBTSINDIAL3410"}, {"name": "thread", "value": "28768-MainThread"}, {"name": "framework", "value": "pytest"}, {"name": "language", "value": "cpython3"}, {"name": "package", "value": "test_web.test_runner"}], "titlePath": ["test_web", "test_runner.py"]}